# JRE version: OpenJDK Runtime Environment (11.0.8+10) (build 11.0.8+10-b944.6842174)
# Java VM: OpenJDK 64-Bit Server VM (11.0.8+10-b944.6842174, mixed mode, tiered, compressed oops, g1 gc, windows-amd64)
Heap:
 garbage-first heap   total 378880K, used 166007K [0x0000000080000000, 0x0000000100000000)
  region size 1024K, 2 young (2048K), 2 survivors (2048K)
 Metaspace       used 188163K, capacity 192721K, committed 194180K, reserved 1218560K
  class space    used 22299K, capacity 23952K, committed 24248K, reserved 1048576K
GC Heap History (20 events):
Event: 9094.833 GC heap after
{Heap after GC invocations=521 (full 0):
 garbage-first heap   total 262144K, used 160495K [0x0000000080000000, 0x0000000100000000)
  region size 1024K, 2 young (2048K), 2 survivors (2048K)
 Metaspace       used 181894K, capacity 186180K, committed 188420K, reserved 1214464K
  class space    used 21517K, capacity 23057K, committed 23608K, reserved 1048576K
}
Event: 9095.019 GC heap before
{Heap before GC invocations=521 (full 0):
 garbage-first heap   total 262144K, used 188143K [0x0000000080000000, 0x0000000100000000)
  region size 1024K, 31 young (31744K), 2 survivors (2048K)
 Metaspace       used 182550K, capacity 186832K, committed 189060K, reserved 1214464K
  class space    used 21632K, capacity 23189K, committed 23736K, reserved 1048576K
}
Event: 9095.032 GC heap after
{Heap after GC invocations=522 (full 0):
 garbage-first heap   total 315392K, used 164127K [0x0000000080000000, 0x0000000100000000)
  region size 1024K, 6 young (6144K), 6 survivors (6144K)
 Metaspace       used 182550K, capacity 186832K, committed 189060K, reserved 1214464K
  class space    used 21632K, capacity 23189K, committed 23736K, reserved 1048576K
}
Event: 9096.073 GC heap before
{Heap before GC invocations=523 (full 0):
 garbage-first heap   total 315392K, used 236831K [0x0000000080000000, 0x0000000100000000)
  region size 1024K, 76 young (77824K), 6 survivors (6144K)
 Metaspace       used 186609K, capacity 191222K, committed 192900K, reserved 1218560K
  class space    used 22214K, capacity 23874K, committed 24248K, reserved 1048576K
}
Event: 9096.091 GC heap after
{Heap after GC invocations=524 (full 0):
 garbage-first heap   total 315392K, used 167867K [0x0000000080000000, 0x0000000100000000)
  region size 1024K, 9 young (9216K), 9 survivors (9216K)
 Metaspace       used 186609K, capacity 191222K, committed 192900K, reserved 1218560K
  class space    used 22214K, capacity 23874K, committed 24248K, reserved 1048576K
}
Event: 9096.143 GC heap before
{Heap before GC invocations=524 (full 0):
 garbage-first heap   total 315392K, used 174011K [0x0000000080000000, 0x0000000100000000)
  region size 1024K, 15 young (15360K), 9 survivors (9216K)
 Metaspace       used 186724K, capacity 191286K, committed 192900K, reserved 1218560K
  class space    used 22221K, capacity 23874K, committed 24248K, reserved 1048576K
}
Event: 9096.153 GC heap after
{Heap after GC invocations=525 (full 0):
 garbage-first heap   total 315392K, used 167381K [0x0000000080000000, 0x0000000100000000)
  region size 1024K, 2 young (2048K), 2 survivors (2048K)
 Metaspace       used 186724K, capacity 191286K, committed 192900K, reserved 1218560K
  class space    used 22221K, capacity 23874K, committed 24248K, reserved 1048576K
}
Event: 9096.765 GC heap before
{Heap before GC invocations=525 (full 0):
 garbage-first heap   total 315392K, used 241109K [0x0000000080000000, 0x0000000100000000)
  region size 1024K, 75 young (76800K), 2 survivors (2048K)
 Metaspace       used 187214K, capacity 191827K, committed 193412K, reserved 1218560K
  class space    used 22274K, capacity 23946K, committed 24248K, reserved 1048576K
}
Event: 9096.775 GC heap after
{Heap after GC invocations=526 (full 0):
 garbage-first heap   total 315392K, used 168561K [0x0000000080000000, 0x0000000100000000)
  region size 1024K, 3 young (3072K), 3 survivors (3072K)
 Metaspace       used 187214K, capacity 191827K, committed 193412K, reserved 1218560K
  class space    used 22274K, capacity 23946K, committed 24248K, reserved 1048576K
}
Event: 9097.508 GC heap before
{Heap before GC invocations=527 (full 0):
 garbage-first heap   total 315392K, used 247409K [0x0000000080000000, 0x0000000100000000)
  region size 1024K, 80 young (81920K), 3 survivors (3072K)
 Metaspace       used 187503K, capacity 192052K, committed 193668K, reserved 1218560K
  class space    used 22256K, capacity 23906K, committed 24248K, reserved 1048576K
}
Event: 9097.517 GC heap after
{Heap after GC invocations=528 (full 0):
 garbage-first heap   total 315392K, used 169076K [0x0000000080000000, 0x0000000100000000)
  region size 1024K, 3 young (3072K), 3 survivors (3072K)
 Metaspace       used 187503K, capacity 192052K, committed 193668K, reserved 1218560K
  class space    used 22256K, capacity 23906K, committed 24248K, reserved 1048576K
}
Event: 9097.568 GC heap before
{Heap before GC invocations=528 (full 0):
 garbage-first heap   total 315392K, used 181364K [0x0000000080000000, 0x0000000100000000)
  region size 1024K, 15 young (15360K), 3 survivors (3072K)
 Metaspace       used 187550K, capacity 192145K, committed 193668K, reserved 1218560K
  class space    used 22263K, capacity 23915K, committed 24248K, reserved 1048576K
}
Event: 9097.580 GC heap after
{Heap after GC invocations=529 (full 0):
 garbage-first heap   total 315392K, used 163588K [0x0000000080000000, 0x0000000100000000)
  region size 1024K, 1 young (1024K), 1 survivors (1024K)
 Metaspace       used 187550K, capacity 192145K, committed 193668K, reserved 1218560K
  class space    used 22263K, capacity 23915K, committed 24248K, reserved 1048576K
}
Event: 9097.971 GC heap before
{Heap before GC invocations=529 (full 0):
 garbage-first heap   total 315392K, used 249604K [0x0000000080000000, 0x0000000100000000)
  region size 1024K, 85 young (87040K), 1 survivors (1024K)
 Metaspace       used 187951K, capacity 192578K, committed 193924K, reserved 1218560K
  class space    used 22298K, capacity 23950K, committed 24248K, reserved 1048576K
}
Event: 9097.980 GC heap after
{Heap after GC invocations=530 (full 0):
 garbage-first heap   total 315392K, used 165065K [0x0000000080000000, 0x0000000100000000)
  region size 1024K, 2 young (2048K), 2 survivors (2048K)
 Metaspace       used 187951K, capacity 192578K, committed 193924K, reserved 1218560K
  class space    used 22298K, capacity 23950K, committed 24248K, reserved 1048576K
}
Event: 9098.523 GC heap before
{Heap before GC invocations=531 (full 0):
 garbage-first heap   total 315392K, used 254153K [0x0000000080000000, 0x0000000100000000)
  region size 1024K, 89 young (91136K), 2 survivors (2048K)
 Metaspace       used 188115K, capacity 192717K, committed 194180K, reserved 1218560K
  class space    used 22299K, capacity 23952K, committed 24248K, reserved 1048576K
}
Event: 9098.530 GC heap after
{Heap after GC invocations=532 (full 0):
 garbage-first heap   total 315392K, used 166868K [0x0000000080000000, 0x0000000100000000)
  region size 1024K, 4 young (4096K), 4 survivors (4096K)
 Metaspace       used 188115K, capacity 192717K, committed 194180K, reserved 1218560K
  class space    used 22299K, capacity 23952K, committed 24248K, reserved 1048576K
}
Event: 9098.562 GC heap before
{Heap before GC invocations=532 (full 0):
 garbage-first heap   total 315392K, used 178132K [0x0000000080000000, 0x0000000100000000)
  region size 1024K, 15 young (15360K), 4 survivors (4096K)
 Metaspace       used 188123K, capacity 192719K, committed 194180K, reserved 1218560K
  class space    used 22299K, capacity 23952K, committed 24248K, reserved 1048576K
}
Event: 9098.576 GC heap after
{Heap after GC invocations=533 (full 0):
 garbage-first heap   total 315392K, used 165671K [0x0000000080000000, 0x0000000100000000)
  region size 1024K, 2 young (2048K), 2 survivors (2048K)
 Metaspace       used 188123K, capacity 192719K, committed 194180K, reserved 1218560K
  class space    used 22299K, capacity 23952K, committed 24248K, reserved 1048576K
}
Event: 9098.979 GC heap before
{Heap before GC invocations=533 (full 0):
 garbage-first heap   total 315392K, used 255783K [0x0000000080000000, 0x0000000100000000)
  region size 1024K, 90 young (92160K), 2 survivors (2048K)
 Metaspace       used 188163K, capacity 192721K, committed 194180K, reserved 1218560K
  class space    used 22299K, capacity 23952K, committed 24248K, reserved 1048576K
}

