# JRE version: OpenJDK Runtime Environment (11.0.8+10) (build 11.0.8+10-b944.6842174)
# Java VM: OpenJDK 64-Bit Server VM (11.0.8+10-b944.6842174, mixed mode, tiered, compressed oops, g1 gc, windows-amd64)
Heap:
 garbage-first heap   total 262144K, used 96017K [0x0000000080000000, 0x0000000100000000)
  region size 1024K, 27 young (27648K), 13 survivors (13312K)
 Metaspace       used 86428K, capacity 88670K, committed 88856K, reserved 1126400K
  class space    used 11133K, capacity 11923K, committed 12056K, reserved 1048576K
GC Heap History (20 events):
Event: 0.622 GC heap before
{Heap before GC invocations=0 (full 0):
 garbage-first heap   total 262144K, used 29696K [0x0000000080000000, 0x0000000100000000)
  region size 1024K, 24 young (24576K), 0 survivors (0K)
 Metaspace       used 10289K, capacity 10509K, committed 10752K, reserved 1058816K
  class space    used 1085K, capacity 1163K, committed 1280K, reserved 1048576K
}
Event: 0.625 GC heap after
{Heap after GC invocations=1 (full 0):
 garbage-first heap   total 262144K, used 8822K [0x0000000080000000, 0x0000000100000000)
  region size 1024K, 3 young (3072K), 3 survivors (3072K)
 Metaspace       used 10289K, capacity 10509K, committed 10752K, reserved 1058816K
  class space    used 1085K, capacity 1163K, committed 1280K, reserved 1048576K
}
Event: 1.917 GC heap before
{Heap before GC invocations=1 (full 0):
 garbage-first heap   total 262144K, used 93814K [0x0000000080000000, 0x0000000100000000)
  region size 1024K, 88 young (90112K), 3 survivors (3072K)
 Metaspace       used 20580K, capacity 21104K, committed 21248K, reserved 1067008K
  class space    used 2526K, capacity 2721K, committed 2816K, reserved 1048576K
}
Event: 1.925 GC heap after
{Heap after GC invocations=2 (full 0):
 garbage-first heap   total 262144K, used 16246K [0x0000000080000000, 0x0000000100000000)
  region size 1024K, 11 young (11264K), 11 survivors (11264K)
 Metaspace       used 20580K, capacity 21104K, committed 21248K, reserved 1067008K
  class space    used 2526K, capacity 2721K, committed 2816K, reserved 1048576K
}
Event: 2.221 GC heap before
{Heap before GC invocations=3 (full 0):
 garbage-first heap   total 262144K, used 47990K [0x0000000080000000, 0x0000000100000000)
  region size 1024K, 42 young (43008K), 11 survivors (11264K)
 Metaspace       used 24277K, capacity 24899K, committed 25088K, reserved 1071104K
  class space    used 3110K, capacity 3308K, committed 3328K, reserved 1048576K
}
Event: 2.228 GC heap after
{Heap after GC invocations=4 (full 0):
 garbage-first heap   total 262144K, used 17905K [0x0000000080000000, 0x0000000100000000)
  region size 1024K, 2 young (2048K), 2 survivors (2048K)
 Metaspace       used 24277K, capacity 24899K, committed 25088K, reserved 1071104K
  class space    used 3110K, capacity 3308K, committed 3328K, reserved 1048576K
}
Event: 3.177 GC heap before
{Heap before GC invocations=4 (full 0):
 garbage-first heap   total 262144K, used 99825K [0x0000000080000000, 0x0000000100000000)
  region size 1024K, 75 young (76800K), 2 survivors (2048K)
 Metaspace       used 35065K, capacity 35799K, committed 35840K, reserved 1081344K
  class space    used 4559K, capacity 4830K, committed 4864K, reserved 1048576K
}
Event: 3.187 GC heap after
{Heap after GC invocations=5 (full 0):
 garbage-first heap   total 262144K, used 32860K [0x0000000080000000, 0x0000000100000000)
  region size 1024K, 8 young (8192K), 8 survivors (8192K)
 Metaspace       used 35065K, capacity 35799K, committed 35840K, reserved 1081344K
  class space    used 4559K, capacity 4830K, committed 4864K, reserved 1048576K
}
Event: 4.335 GC heap before
{Heap before GC invocations=6 (full 0):
 garbage-first heap   total 262144K, used 144476K [0x0000000080000000, 0x0000000100000000)
  region size 1024K, 107 young (109568K), 8 survivors (8192K)
 Metaspace       used 44428K, capacity 45613K, committed 45824K, reserved 1089536K
  class space    used 5711K, capacity 6113K, committed 6144K, reserved 1048576K
}
Event: 4.345 GC heap after
{Heap after GC invocations=7 (full 0):
 garbage-first heap   total 262144K, used 47529K [0x0000000080000000, 0x0000000100000000)
  region size 1024K, 14 young (14336K), 14 survivors (14336K)
 Metaspace       used 44428K, capacity 45613K, committed 45824K, reserved 1089536K
  class space    used 5711K, capacity 6113K, committed 6144K, reserved 1048576K
}
Event: 5.652 GC heap before
{Heap before GC invocations=7 (full 0):
 garbage-first heap   total 262144K, used 176553K [0x0000000080000000, 0x0000000100000000)
  region size 1024K, 137 young (140288K), 14 survivors (14336K)
 Metaspace       used 55985K, capacity 57474K, committed 57600K, reserved 1099776K
  class space    used 7078K, capacity 7568K, committed 7680K, reserved 1048576K
}
Event: 5.667 GC heap after
{Heap after GC invocations=8 (full 0):
 garbage-first heap   total 262144K, used 61505K [0x0000000080000000, 0x0000000100000000)
  region size 1024K, 18 young (18432K), 18 survivors (18432K)
 Metaspace       used 55985K, capacity 57474K, committed 57600K, reserved 1099776K
  class space    used 7078K, capacity 7568K, committed 7680K, reserved 1048576K
}
Event: 5.968 GC heap before
{Heap before GC invocations=8 (full 0):
 garbage-first heap   total 262144K, used 79937K [0x0000000080000000, 0x0000000100000000)
  region size 1024K, 37 young (37888K), 18 survivors (18432K)
 Metaspace       used 58635K, capacity 60126K, committed 60160K, reserved 1101824K
  class space    used 7424K, capacity 7912K, committed 7936K, reserved 1048576K
}
Event: 5.993 GC heap after
{Heap after GC invocations=9 (full 0):
 garbage-first heap   total 262144K, used 62726K [0x0000000080000000, 0x0000000100000000)
  region size 1024K, 3 young (3072K), 3 survivors (3072K)
 Metaspace       used 58635K, capacity 60126K, committed 60160K, reserved 1101824K
  class space    used 7424K, capacity 7912K, committed 7936K, reserved 1048576K
}
Event: 7.538 GC heap before
{Heap before GC invocations=10 (full 0):
 garbage-first heap   total 262144K, used 170246K [0x0000000080000000, 0x0000000100000000)
  region size 1024K, 108 young (110592K), 3 survivors (3072K)
 Metaspace       used 68773K, capacity 70658K, committed 70808K, reserved 1110016K
  class space    used 8867K, capacity 9486K, committed 9624K, reserved 1048576K
}
Event: 7.551 GC heap after
{Heap after GC invocations=11 (full 0):
 garbage-first heap   total 262144K, used 69687K [0x0000000080000000, 0x0000000100000000)
  region size 1024K, 10 young (10240K), 10 survivors (10240K)
 Metaspace       used 68773K, capacity 70658K, committed 70808K, reserved 1110016K
  class space    used 8867K, capacity 9486K, committed 9624K, reserved 1048576K
}
Event: 8.733 GC heap before
{Heap before GC invocations=12 (full 0):
 garbage-first heap   total 262144K, used 178231K [0x0000000080000000, 0x0000000100000000)
  region size 1024K, 117 young (119808K), 10 survivors (10240K)
 Metaspace       used 78302K, capacity 80255K, committed 80408K, reserved 1118208K
  class space    used 10067K, capacity 10730K, committed 10776K, reserved 1048576K
}
Event: 8.745 GC heap after
{Heap after GC invocations=13 (full 0):
 garbage-first heap   total 262144K, used 76464K [0x0000000080000000, 0x0000000100000000)
  region size 1024K, 7 young (7168K), 7 survivors (7168K)
 Metaspace       used 78302K, capacity 80255K, committed 80408K, reserved 1118208K
  class space    used 10067K, capacity 10730K, committed 10776K, reserved 1048576K
}
Event: 9.909 GC heap before
{Heap before GC invocations=13 (full 0):
 garbage-first heap   total 262144K, used 187056K [0x0000000080000000, 0x0000000100000000)
  region size 1024K, 116 young (118784K), 7 survivors (7168K)
 Metaspace       used 86033K, capacity 88361K, committed 88600K, reserved 1126400K
  class space    used 11111K, capacity 11913K, committed 12056K, reserved 1048576K
}
Event: 9.920 GC heap after
{Heap after GC invocations=14 (full 0):
 garbage-first heap   total 262144K, used 82705K [0x0000000080000000, 0x0000000100000000)
  region size 1024K, 13 young (13312K), 13 survivors (13312K)
 Metaspace       used 86033K, capacity 88361K, committed 88600K, reserved 1126400K
  class space    used 11111K, capacity 11913K, committed 12056K, reserved 1048576K
}

